[0.008s] Invoking command in '/home/junghw/ws_ddmobile/build/mobile_dd_robot': /usr/bin/cmake --build /home/junghw/ws_ddmobile/build/mobile_dd_robot -- -j6 -l6
[0.026s] -- Found ament_cmake: 2.0.6 (/opt/ros/iron/share/ament_cmake/cmake)
[0.156s] Traceback (most recent call last):
[0.156s]   File "/opt/ros/iron/share/ament_cmake_core/cmake/package_templates/templates_2_cmake.py", line 21, in <module>
[0.156s]     from ament_package.templates import get_environment_hook_template_path
[0.156s] ModuleNotFoundError: No module named 'ament_package'
[0.165s] [31mCMake Error at /opt/ros/iron/share/ament_cmake_core/cmake/ament_cmake_package_templates-extras.cmake:41 (message):
[0.165s]   execute_process(/usr/bin/python3.10
[0.165s]   /opt/ros/iron/share/ament_cmake_core/cmake/package_templates/templates_2_cmake.py
[0.165s]   /home/junghw/ws_ddmobile/build/mobile_dd_robot/ament_cmake_package_templates/templates.cmake)
[0.165s]   returned error code 1
[0.165s] Call Stack (most recent call first):
[0.165s]   /opt/ros/iron/share/ament_cmake_core/cmake/ament_cmake_coreConfig.cmake:41 (include)
[0.165s]   /opt/ros/iron/share/ament_cmake/cmake/ament_cmake_export_dependencies-extras.cmake:15 (find_package)
[0.166s]   /opt/ros/iron/share/ament_cmake/cmake/ament_cmakeConfig.cmake:41 (include)
[0.166s]   CMakeLists.txt:9 (find_package)
[0.166s] 
[0.166s] [0m
[0.166s] -- Configuring incomplete, errors occurred!
[0.166s] See also "/home/junghw/ws_ddmobile/build/mobile_dd_robot/CMakeFiles/CMakeOutput.log".
[0.167s] gmake: *** [Makefile:226: cmake_check_build_system] Error 1
[0.169s] Invoked command in '/home/junghw/ws_ddmobile/build/mobile_dd_robot' returned '2': /usr/bin/cmake --build /home/junghw/ws_ddmobile/build/mobile_dd_robot -- -j6 -l6
